<?xml version="1.0" encoding="UTF-8"?>
<testsuite name="com.example.stockconsumer.ConsumeTest" tests="1" skipped="0" failures="0" errors="0" timestamp="2026-05-14T05:35:23.212Z" hostname="inwooui-MacBookPro.local" time="2.642">
  <properties/>
  <testcase name="읽어오고 나서 다시 올릴 때 어떯게 올리가는지 객체 확인하기" classname="com.example.stockconsumer.ConsumeTest" time="0.519"/>
  <system-out><![CDATA[14:35:23.238 [Test worker] INFO org.springframework.test.context.support.AnnotationConfigContextLoaderUtils -- Could not detect default configuration classes for test class [com.example.stockconsumer.ConsumeTest]: ConsumeTest does not declare any static, non-private, non-final, nested classes annotated with @Configuration.
14:35:23.272 [Test worker] INFO org.springframework.boot.test.context.SpringBootTestContextBootstrapper -- Found @SpringBootConfiguration com.example.stockconsumer.StockConsumerApplication for test class com.example.stockconsumer.ConsumeTest
14:35:23.298 [Test worker] INFO org.springframework.test.context.support.AnnotationConfigContextLoaderUtils -- Could not detect default configuration classes for test class [com.example.stockconsumer.ConsumeTest]: ConsumeTest does not declare any static, non-private, non-final, nested classes annotated with @Configuration.
14:35:23.299 [Test worker] INFO org.springframework.boot.test.context.SpringBootTestContextBootstrapper -- Found @SpringBootConfiguration com.example.stockconsumer.StockConsumerApplication for test class com.example.stockconsumer.ConsumeTest

  .   ____          _            __ _ _
 /\\ / ___'_ __ _ _(_)_ __  __ _ \ \ \ \
( ( )\___ | '_ | '_| | '_ \/ _` | \ \ \ \
 \\/  ___)| |_)| | | | | || (_| |  ) ) ) )
  '  |____| .__|_| |_|_| |_\__, | / / / /
 =========|_|==============|___/=/_/_/_/

 :: Spring Boot ::                (v4.0.6)

2026-05-14T14:35:23.425+09:00  INFO 26537 --- [stock-consumer] [    Test worker] com.example.stockconsumer.ConsumeTest    : Starting ConsumeTest using Java 21.0.5 with PID 26537 (started by inwoo in /Users/inwoo/project/AutoEver/20_andproject/backend/stock-consumer)
2026-05-14T14:35:23.426+09:00  INFO 26537 --- [stock-consumer] [    Test worker] com.example.stockconsumer.ConsumeTest    : No active profile set, falling back to 1 default profile: "default"
2026-05-14T14:35:23.677+09:00  INFO 26537 --- [stock-consumer] [    Test worker] .s.d.r.c.RepositoryConfigurationDelegate : Multiple Spring Data modules found, entering strict repository configuration mode
2026-05-14T14:35:23.678+09:00  INFO 26537 --- [stock-consumer] [    Test worker] .s.d.r.c.RepositoryConfigurationDelegate : Bootstrapping Spring Data JPA repositories in DEFAULT mode.
2026-05-14T14:35:23.727+09:00  INFO 26537 --- [stock-consumer] [    Test worker] .s.d.r.c.RepositoryConfigurationDelegate : Finished Spring Data repository scanning in 46 ms. Found 1 JPA repository interface.
2026-05-14T14:35:23.742+09:00  INFO 26537 --- [stock-consumer] [    Test worker] .s.d.r.c.RepositoryConfigurationDelegate : Multiple Spring Data modules found, entering strict repository configuration mode
2026-05-14T14:35:23.743+09:00  INFO 26537 --- [stock-consumer] [    Test worker] .s.d.r.c.RepositoryConfigurationDelegate : Bootstrapping Spring Data Redis repositories in DEFAULT mode.
2026-05-14T14:35:23.748+09:00  INFO 26537 --- [stock-consumer] [    Test worker] .RepositoryConfigurationExtensionSupport : Spring Data Redis - Could not safely identify store assignment for repository candidate interface com.example.stockconsumer.domain.product.ProductRepository; If you want this repository to be a Redis repository, consider annotating your entities with one of these annotations: org.springframework.data.redis.core.RedisHash (preferred), or consider extending one of the following types with your repository: org.springframework.data.keyvalue.repository.KeyValueRepository
2026-05-14T14:35:23.748+09:00  INFO 26537 --- [stock-consumer] [    Test worker] .s.d.r.c.RepositoryConfigurationDelegate : Finished Spring Data repository scanning in 2 ms. Found 0 Redis repository interfaces.
2026-05-14T14:35:23.942+09:00  INFO 26537 --- [stock-consumer] [    Test worker] org.hibernate.orm.jpa                    : HHH008540: Processing PersistenceUnitInfo [name: default]
2026-05-14T14:35:23.965+09:00  INFO 26537 --- [stock-consumer] [    Test worker] org.hibernate.orm.core                   : HHH000001: Hibernate ORM core version 7.2.12.Final
2026-05-14T14:35:24.143+09:00  INFO 26537 --- [stock-consumer] [    Test worker] o.s.o.j.p.SpringPersistenceUnitInfo      : No LoadTimeWeaver setup: ignoring JPA class transformer
2026-05-14T14:35:24.157+09:00  INFO 26537 --- [stock-consumer] [    Test worker] com.zaxxer.hikari.HikariDataSource       : HikariPool-1 - Starting...
2026-05-14T14:35:24.320+09:00  INFO 26537 --- [stock-consumer] [    Test worker] com.zaxxer.hikari.pool.HikariPool        : HikariPool-1 - Added connection com.mysql.cj.jdbc.ConnectionImpl@61ec2cb5
2026-05-14T14:35:24.320+09:00  INFO 26537 --- [stock-consumer] [    Test worker] com.zaxxer.hikari.HikariDataSource       : HikariPool-1 - Start completed.
2026-05-14T14:35:24.355+09:00  INFO 26537 --- [stock-consumer] [    Test worker] org.hibernate.orm.connections.pooling    : HHH10001005: Database info:
	Database JDBC URL [jdbc:mysql://localhost:3307/shop_db?serverTimezone=Asia/Seoul&characterEncoding=UTF-8]
	Database driver: MySQL Connector/J
	Database dialect: MySQLDialect
	Database version: 8.0.46
	Default catalog/schema: shop_db/undefined
	Autocommit mode: undefined/unknown
	Isolation level: REPEATABLE_READ [default REPEATABLE_READ]
	JDBC fetch size: none
	Pool: DataSourceConnectionProvider
	Minimum pool size: undefined/unknown
	Maximum pool size: undefined/unknown
2026-05-14T14:35:24.634+09:00  INFO 26537 --- [stock-consumer] [    Test worker] org.hibernate.orm.core                   : HHH000489: No JTA platform available (set 'hibernate.transaction.jta.platform' to enable JTA platform integration)
2026-05-14T14:35:24.674+09:00  INFO 26537 --- [stock-consumer] [    Test worker] j.LocalContainerEntityManagerFactoryBean : Initialized JPA EntityManagerFactory for persistence unit 'default'
2026-05-14T14:35:24.713+09:00  INFO 26537 --- [stock-consumer] [    Test worker] o.s.d.j.r.query.QueryEnhancerFactories   : Hibernate is in classpath; If applicable, HQL parser will be used.
2026-05-14T14:35:24.836+09:00  WARN 26537 --- [stock-consumer] [    Test worker] JpaBaseConfiguration$JpaWebConfiguration : spring.jpa.open-in-view is enabled by default. Therefore, database queries may be performed during view rendering. Explicitly configure spring.jpa.open-in-view to disable this warning
2026-05-14T14:35:25.027+09:00  WARN 26537 --- [stock-consumer] [    Test worker] i.n.r.d.DnsServerAddressStreamProviders  : Can not find io.netty.resolver.dns.macos.MacOSDnsServerAddressStreamProvider in the classpath, fallback to system defaults. This may result in incorrect DNS resolutions on MacOS. Check whether you have a dependency on 'io.netty:netty-resolver-dns-native-macos'
2026-05-14T14:35:25.208+09:00  INFO 26537 --- [stock-consumer] [    Test worker] o.a.kafka.common.config.AbstractConfig   : ConsumerConfig values: 
	allow.auto.create.topics = true
	auto.commit.interval.ms = 5000
	auto.offset.reset = earliest
	bootstrap.servers = [localhost:9092]
	check.crcs = true
	client.dns.lookup = use_all_dns_ips
	client.id = consumer-stock-group-1
	client.rack = 
	connections.max.idle.ms = 540000
	default.api.timeout.ms = 60000
	enable.auto.commit = false
	enable.metrics.push = true
	exclude.internal.topics = true
	fetch.max.bytes = 52428800
	fetch.max.wait.ms = 500
	fetch.min.bytes = 1
	group.id = stock-group
	group.instance.id = null
	group.protocol = classic
	group.remote.assignor = null
	heartbeat.interval.ms = 3000
	interceptor.classes = []
	internal.leave.group.on.close = true
	internal.throw.on.fetch.stable.offset.unsupported = false
	isolation.level = read_uncommitted
	key.deserializer = class org.apache.kafka.common.serialization.StringDeserializer
	max.partition.fetch.bytes = 1048576
	max.poll.interval.ms = 300000
	max.poll.records = 500
	metadata.max.age.ms = 300000
	metadata.recovery.rebootstrap.trigger.ms = 300000
	metadata.recovery.strategy = rebootstrap
	metric.reporters = [org.apache.kafka.common.metrics.JmxReporter]
	metrics.num.samples = 2
	metrics.recording.level = INFO
	metrics.sample.window.ms = 30000
	partition.assignment.strategy = [class org.apache.kafka.clients.consumer.RangeAssignor, class org.apache.kafka.clients.consumer.CooperativeStickyAssignor]
	receive.buffer.bytes = 65536
	reconnect.backoff.max.ms = 1000
	reconnect.backoff.ms = 50
	request.timeout.ms = 30000
	retry.backoff.max.ms = 1000
	retry.backoff.ms = 100
	sasl.client.callback.handler.class = null
	sasl.jaas.config = null
	sasl.kerberos.kinit.cmd = /usr/bin/kinit
	sasl.kerberos.min.time.before.relogin = 60000
	sasl.kerberos.service.name = null
	sasl.kerberos.ticket.renew.jitter = 0.05
	sasl.kerberos.ticket.renew.window.factor = 0.8
	sasl.login.callback.handler.class = null
	sasl.login.class = null
	sasl.login.connect.timeout.ms = null
	sasl.login.read.timeout.ms = null
	sasl.login.refresh.buffer.seconds = 300
	sasl.login.refresh.min.period.seconds = 60
	sasl.login.refresh.window.factor = 0.8
	sasl.login.refresh.window.jitter = 0.05
	sasl.login.retry.backoff.max.ms = 10000
	sasl.login.retry.backoff.ms = 100
	sasl.mechanism = GSSAPI
	sasl.oauthbearer.assertion.algorithm = RS256
	sasl.oauthbearer.assertion.claim.aud = null
	sasl.oauthbearer.assertion.claim.exp.seconds = 300
	sasl.oauthbearer.assertion.claim.iss = null
	sasl.oauthbearer.assertion.claim.jti.include = false
	sasl.oauthbearer.assertion.claim.nbf.seconds = 60
	sasl.oauthbearer.assertion.claim.sub = null
	sasl.oauthbearer.assertion.file = null
	sasl.oauthbearer.assertion.private.key.file = null
	sasl.oauthbearer.assertion.private.key.passphrase = null
	sasl.oauthbearer.assertion.template.file = null
	sasl.oauthbearer.client.credentials.client.id = null
	sasl.oauthbearer.client.credentials.client.secret = null
	sasl.oauthbearer.clock.skew.seconds = 30
	sasl.oauthbearer.expected.audience = null
	sasl.oauthbearer.expected.issuer = null
	sasl.oauthbearer.header.urlencode = false
	sasl.oauthbearer.jwks.endpoint.refresh.ms = 3600000
	sasl.oauthbearer.jwks.endpoint.retry.backoff.max.ms = 10000
	sasl.oauthbearer.jwks.endpoint.retry.backoff.ms = 100
	sasl.oauthbearer.jwks.endpoint.url = null
	sasl.oauthbearer.jwt.retriever.class = class org.apache.kafka.common.security.oauthbearer.DefaultJwtRetriever
	sasl.oauthbearer.jwt.validator.class = class org.apache.kafka.common.security.oauthbearer.DefaultJwtValidator
	sasl.oauthbearer.scope = null
	sasl.oauthbearer.scope.claim.name = scope
	sasl.oauthbearer.sub.claim.name = sub
	sasl.oauthbearer.token.endpoint.url = null
	security.protocol = PLAINTEXT
	security.providers = null
	send.buffer.bytes = 131072
	session.timeout.ms = 45000
	share.acknowledgement.mode = implicit
	socket.connection.setup.timeout.max.ms = 30000
	socket.connection.setup.timeout.ms = 10000
	ssl.cipher.suites = null
	ssl.enabled.protocols = [TLSv1.2, TLSv1.3]
	ssl.endpoint.identification.algorithm = https
	ssl.engine.factory.class = null
	ssl.key.password = null
	ssl.keymanager.algorithm = SunX509
	ssl.keystore.certificate.chain = null
	ssl.keystore.key = null
	ssl.keystore.location = null
	ssl.keystore.password = null
	ssl.keystore.type = JKS
	ssl.protocol = TLSv1.3
	ssl.provider = null
	ssl.secure.random.implementation = null
	ssl.trustmanager.algorithm = PKIX
	ssl.truststore.certificates = null
	ssl.truststore.location = null
	ssl.truststore.password = null
	ssl.truststore.type = JKS
	value.deserializer = class org.springframework.kafka.support.serializer.JsonDeserializer

2026-05-14T14:35:25.225+09:00  INFO 26537 --- [stock-consumer] [    Test worker] o.a.k.c.t.i.KafkaMetricsCollector        : initializing Kafka metrics collector
2026-05-14T14:35:25.317+09:00  INFO 26537 --- [stock-consumer] [    Test worker] o.a.kafka.common.config.AbstractConfig   : These configurations '[spring.json.add.type.headers]' were supplied but are not used yet.
2026-05-14T14:35:25.317+09:00  INFO 26537 --- [stock-consumer] [    Test worker] o.a.kafka.common.utils.AppInfoParser     : Kafka version: 4.1.2
2026-05-14T14:35:25.317+09:00  INFO 26537 --- [stock-consumer] [    Test worker] o.a.kafka.common.utils.AppInfoParser     : Kafka commitId: c82fd9b934b4c1e6
2026-05-14T14:35:25.318+09:00  INFO 26537 --- [stock-consumer] [    Test worker] o.a.kafka.common.utils.AppInfoParser     : Kafka startTimeMs: 1778736925317
2026-05-14T14:35:25.319+09:00  INFO 26537 --- [stock-consumer] [    Test worker] o.a.k.c.c.i.ClassicKafkaConsumer         : [Consumer clientId=consumer-stock-group-1, groupId=stock-group] Subscribed to topic(s): reservation_requested
2026-05-14T14:35:25.328+09:00  INFO 26537 --- [stock-consumer] [    Test worker] com.example.stockconsumer.ConsumeTest    : Started ConsumeTest in 2.009 seconds (process running for 2.493)
2026-05-14T14:35:25.329+09:00  WARN 26537 --- [stock-consumer] [    Test worker] o.s.core.events.SpringDocAppInitializer  : SpringDoc /v3/api-docs endpoint is enabled by default. To disable it in production, set the property 'springdoc.api-docs.enabled=false'
2026-05-14T14:35:25.330+09:00  WARN 26537 --- [stock-consumer] [    Test worker] o.s.core.events.SpringDocAppInitializer  : SpringDoc /swagger-ui.html endpoint is enabled by default. To disable it in production, set the property 'springdoc.swagger-ui.enabled=false'
2026-05-14T14:35:25.505+09:00  WARN 26537 --- [stock-consumer] [        kafka-1] org.apache.kafka.clients.NetworkClient   : [Consumer clientId=consumer-stock-group-1, groupId=stock-group] The metadata response from the cluster reported a recoverable issue with correlation id 3 : {reservation_requested=UNKNOWN_TOPIC_OR_PARTITION}
2026-05-14T14:35:25.505+09:00  INFO 26537 --- [stock-consumer] [        kafka-1] org.apache.kafka.clients.Metadata        : [Consumer clientId=consumer-stock-group-1, groupId=stock-group] Cluster ID: MkU3OEVBNTcwNTJENDM2Qg
2026-05-14T14:35:25.645+09:00  INFO 26537 --- [stock-consumer] [        kafka-1] o.a.k.c.c.internals.ConsumerCoordinator  : [Consumer clientId=consumer-stock-group-1, groupId=stock-group] Discovered group coordinator localhost:9092 (id: 2147483646 rack: null isFenced: false)
2026-05-14T14:35:25.646+09:00  INFO 26537 --- [stock-consumer] [        kafka-1] o.a.k.c.c.internals.ConsumerCoordinator  : [Consumer clientId=consumer-stock-group-1, groupId=stock-group] (Re-)joining group
2026-05-14T14:35:25.659+09:00  INFO 26537 --- [stock-consumer] [        kafka-1] o.a.k.c.c.internals.ConsumerCoordinator  : [Consumer clientId=consumer-stock-group-1, groupId=stock-group] Group coordinator localhost:9092 (id: 2147483646 rack: null isFenced: false) is unavailable or invalid due to cause: error response NOT_COORDINATOR. isDisconnected: false. Rediscovery will be attempted.
2026-05-14T14:35:25.660+09:00  INFO 26537 --- [stock-consumer] [        kafka-1] o.a.k.c.c.internals.ConsumerCoordinator  : [Consumer clientId=consumer-stock-group-1, groupId=stock-group] Requesting disconnect from last known coordinator localhost:9092 (id: 2147483646 rack: null isFenced: false)
2026-05-14T14:35:25.661+09:00  INFO 26537 --- [stock-consumer] [        kafka-1] o.a.k.c.c.internals.ConsumerCoordinator  : [Consumer clientId=consumer-stock-group-1, groupId=stock-group] JoinGroup failed: This is not the correct coordinator. Marking coordinator unknown. Sent generation was Generation{generationId=-1, memberId='', protocol='null'}
2026-05-14T14:35:25.661+09:00  INFO 26537 --- [stock-consumer] [        kafka-1] org.apache.kafka.clients.NetworkClient   : [Consumer clientId=consumer-stock-group-1, groupId=stock-group] Client requested disconnect from node 2147483646
2026-05-14T14:35:25.665+09:00  INFO 26537 --- [stock-consumer] [        kafka-1] o.a.k.c.c.internals.ConsumerCoordinator  : [Consumer clientId=consumer-stock-group-1, groupId=stock-group] Discovered group coordinator localhost:9092 (id: 2147483646 rack: null isFenced: false)
2026-05-14T14:35:25.665+09:00  INFO 26537 --- [stock-consumer] [        kafka-1] o.a.k.c.c.internals.ConsumerCoordinator  : [Consumer clientId=consumer-stock-group-1, groupId=stock-group] Group coordinator localhost:9092 (id: 2147483646 rack: null isFenced: false) is unavailable or invalid due to cause: coordinator unavailable. isDisconnected: false. Rediscovery will be attempted.
2026-05-14T14:35:25.665+09:00  INFO 26537 --- [stock-consumer] [        kafka-1] o.a.k.c.c.internals.ConsumerCoordinator  : [Consumer clientId=consumer-stock-group-1, groupId=stock-group] Requesting disconnect from last known coordinator localhost:9092 (id: 2147483646 rack: null isFenced: false)
2026-05-14T14:35:25.701+09:00  INFO 26537 --- [stock-consumer] [    Test worker] c.e.s.domain.product.ProductService      : stockService : 상품을 찾을 수 없습니다.
2026-05-14T14:35:25.703+09:00  INFO 26537 --- [stock-consumer] [    Test worker] c.e.stockconsumer.kafka.StockConsumer    : 뚱이님의 주문이 재고 확인 및 처리가 실패되었습니다!
2026-05-14T14:35:25.710+09:00  INFO 26537 --- [stock-consumer] [    Test worker] o.a.kafka.common.config.AbstractConfig   : ProducerConfig values: 
	acks = -1
	batch.size = 16384
	bootstrap.servers = [localhost:9092]
	buffer.memory = 33554432
	client.dns.lookup = use_all_dns_ips
	client.id = stock-consumer-producer-1
	compression.gzip.level = -1
	compression.lz4.level = 9
	compression.type = none
	compression.zstd.level = 3
	connections.max.idle.ms = 540000
	delivery.timeout.ms = 120000
	enable.idempotence = true
	enable.metrics.push = true
	interceptor.classes = []
	key.serializer = class org.apache.kafka.common.serialization.StringSerializer
	linger.ms = 5
	max.block.ms = 60000
	max.in.flight.requests.per.connection = 5
	max.request.size = 1048576
	metadata.max.age.ms = 300000
	metadata.max.idle.ms = 300000
	metadata.recovery.rebootstrap.trigger.ms = 300000
	metadata.recovery.strategy = rebootstrap
	metric.reporters = [org.apache.kafka.common.metrics.JmxReporter]
	metrics.num.samples = 2
	metrics.recording.level = INFO
	metrics.sample.window.ms = 30000
	partitioner.adaptive.partitioning.enable = true
	partitioner.availability.timeout.ms = 0
	partitioner.class = null
	partitioner.ignore.keys = false
	receive.buffer.bytes = 32768
	reconnect.backoff.max.ms = 1000
	reconnect.backoff.ms = 50
	request.timeout.ms = 30000
	retries = 2147483647
	retry.backoff.max.ms = 1000
	retry.backoff.ms = 100
	sasl.client.callback.handler.class = null
	sasl.jaas.config = null
	sasl.kerberos.kinit.cmd = /usr/bin/kinit
	sasl.kerberos.min.time.before.relogin = 60000
	sasl.kerberos.service.name = null
	sasl.kerberos.ticket.renew.jitter = 0.05
	sasl.kerberos.ticket.renew.window.factor = 0.8
	sasl.login.callback.handler.class = null
	sasl.login.class = null
	sasl.login.connect.timeout.ms = null
	sasl.login.read.timeout.ms = null
	sasl.login.refresh.buffer.seconds = 300
	sasl.login.refresh.min.period.seconds = 60
	sasl.login.refresh.window.factor = 0.8
	sasl.login.refresh.window.jitter = 0.05
	sasl.login.retry.backoff.max.ms = 10000
	sasl.login.retry.backoff.ms = 100
	sasl.mechanism = GSSAPI
	sasl.oauthbearer.assertion.algorithm = RS256
	sasl.oauthbearer.assertion.claim.aud = null
	sasl.oauthbearer.assertion.claim.exp.seconds = 300
	sasl.oauthbearer.assertion.claim.iss = null
	sasl.oauthbearer.assertion.claim.jti.include = false
	sasl.oauthbearer.assertion.claim.nbf.seconds = 60
	sasl.oauthbearer.assertion.claim.sub = null
	sasl.oauthbearer.assertion.file = null
	sasl.oauthbearer.assertion.private.key.file = null
	sasl.oauthbearer.assertion.private.key.passphrase = null
	sasl.oauthbearer.assertion.template.file = null
	sasl.oauthbearer.client.credentials.client.id = null
	sasl.oauthbearer.client.credentials.client.secret = null
	sasl.oauthbearer.clock.skew.seconds = 30
	sasl.oauthbearer.expected.audience = null
	sasl.oauthbearer.expected.issuer = null
	sasl.oauthbearer.header.urlencode = false
	sasl.oauthbearer.jwks.endpoint.refresh.ms = 3600000
	sasl.oauthbearer.jwks.endpoint.retry.backoff.max.ms = 10000
	sasl.oauthbearer.jwks.endpoint.retry.backoff.ms = 100
	sasl.oauthbearer.jwks.endpoint.url = null
	sasl.oauthbearer.jwt.retriever.class = class org.apache.kafka.common.security.oauthbearer.DefaultJwtRetriever
	sasl.oauthbearer.jwt.validator.class = class org.apache.kafka.common.security.oauthbearer.DefaultJwtValidator
	sasl.oauthbearer.scope = null
	sasl.oauthbearer.scope.claim.name = scope
	sasl.oauthbearer.sub.claim.name = sub
	sasl.oauthbearer.token.endpoint.url = null
	security.protocol = PLAINTEXT
	security.providers = null
	send.buffer.bytes = 131072
	socket.connection.setup.timeout.max.ms = 30000
	socket.connection.setup.timeout.ms = 10000
	ssl.cipher.suites = null
	ssl.enabled.protocols = [TLSv1.2, TLSv1.3]
	ssl.endpoint.identification.algorithm = https
	ssl.engine.factory.class = null
	ssl.key.password = null
	ssl.keymanager.algorithm = SunX509
	ssl.keystore.certificate.chain = null
	ssl.keystore.key = null
	ssl.keystore.location = null
	ssl.keystore.password = null
	ssl.keystore.type = JKS
	ssl.protocol = TLSv1.3
	ssl.provider = null
	ssl.secure.random.implementation = null
	ssl.trustmanager.algorithm = PKIX
	ssl.truststore.certificates = null
	ssl.truststore.location = null
	ssl.truststore.password = null
	ssl.truststore.type = JKS
	transaction.timeout.ms = 60000
	transaction.two.phase.commit.enable = false
	transactional.id = null
	value.serializer = class org.springframework.kafka.support.serializer.JsonSerializer

2026-05-14T14:35:25.711+09:00  INFO 26537 --- [stock-consumer] [    Test worker] o.a.k.c.t.i.KafkaMetricsCollector        : initializing Kafka metrics collector
2026-05-14T14:35:25.718+09:00  INFO 26537 --- [stock-consumer] [    Test worker] o.a.k.clients.producer.KafkaProducer     : [Producer clientId=stock-consumer-producer-1] Instantiated an idempotent producer.
2026-05-14T14:35:25.725+09:00  INFO 26537 --- [stock-consumer] [    Test worker] o.a.kafka.common.utils.AppInfoParser     : Kafka version: 4.1.2
2026-05-14T14:35:25.725+09:00  INFO 26537 --- [stock-consumer] [    Test worker] o.a.kafka.common.utils.AppInfoParser     : Kafka commitId: c82fd9b934b4c1e6
2026-05-14T14:35:25.725+09:00  INFO 26537 --- [stock-consumer] [    Test worker] o.a.kafka.common.utils.AppInfoParser     : Kafka startTimeMs: 1778736925725
2026-05-14T14:35:25.731+09:00  WARN 26537 --- [stock-consumer] [umer-producer-1] org.apache.kafka.clients.NetworkClient   : [Producer clientId=stock-consumer-producer-1] The metadata response from the cluster reported a recoverable issue with correlation id 2 : {stock-result=UNKNOWN_TOPIC_OR_PARTITION}
2026-05-14T14:35:25.731+09:00  INFO 26537 --- [stock-consumer] [umer-producer-1] org.apache.kafka.clients.Metadata        : [Producer clientId=stock-consumer-producer-1] Cluster ID: MkU3OEVBNTcwNTJENDM2Qg
2026-05-14T14:35:25.760+09:00  INFO 26537 --- [stock-consumer] [        kafka-1] o.a.k.c.c.internals.ConsumerCoordinator  : [Consumer clientId=consumer-stock-group-1, groupId=stock-group] Discovered group coordinator localhost:9092 (id: 2147483646 rack: null isFenced: false)
2026-05-14T14:35:25.760+09:00  INFO 26537 --- [stock-consumer] [        kafka-1] o.a.k.c.c.internals.ConsumerCoordinator  : [Consumer clientId=consumer-stock-group-1, groupId=stock-group] Request joining group due to: rebalance failed due to 'This is not the correct coordinator.' (NotCoordinatorException)
2026-05-14T14:35:25.760+09:00  INFO 26537 --- [stock-consumer] [        kafka-1] o.a.k.c.c.internals.ConsumerCoordinator  : [Consumer clientId=consumer-stock-group-1, groupId=stock-group] (Re-)joining group
2026-05-14T14:35:25.765+09:00  INFO 26537 --- [stock-consumer] [        kafka-1] o.a.k.c.c.internals.ConsumerCoordinator  : [Consumer clientId=consumer-stock-group-1, groupId=stock-group] Group coordinator localhost:9092 (id: 2147483646 rack: null isFenced: false) is unavailable or invalid due to cause: error response NOT_COORDINATOR. isDisconnected: false. Rediscovery will be attempted.
2026-05-14T14:35:25.765+09:00  INFO 26537 --- [stock-consumer] [        kafka-1] o.a.k.c.c.internals.ConsumerCoordinator  : [Consumer clientId=consumer-stock-group-1, groupId=stock-group] Requesting disconnect from last known coordinator localhost:9092 (id: 2147483646 rack: null isFenced: false)
2026-05-14T14:35:25.765+09:00  INFO 26537 --- [stock-consumer] [        kafka-1] o.a.k.c.c.internals.ConsumerCoordinator  : [Consumer clientId=consumer-stock-group-1, groupId=stock-group] JoinGroup failed: This is not the correct coordinator. Marking coordinator unknown. Sent generation was Generation{generationId=-1, memberId='', protocol='null'}
2026-05-14T14:35:25.765+09:00  INFO 26537 --- [stock-consumer] [        kafka-1] org.apache.kafka.clients.NetworkClient   : [Consumer clientId=consumer-stock-group-1, groupId=stock-group] Client requested disconnect from node 2147483646
2026-05-14T14:35:25.767+09:00  INFO 26537 --- [stock-consumer] [        kafka-1] o.a.k.c.c.internals.ConsumerCoordinator  : [Consumer clientId=consumer-stock-group-1, groupId=stock-group] Discovered group coordinator localhost:9092 (id: 2147483646 rack: null isFenced: false)
2026-05-14T14:35:25.767+09:00  INFO 26537 --- [stock-consumer] [        kafka-1] o.a.k.c.c.internals.ConsumerCoordinator  : [Consumer clientId=consumer-stock-group-1, groupId=stock-group] Group coordinator localhost:9092 (id: 2147483646 rack: null isFenced: false) is unavailable or invalid due to cause: coordinator unavailable. isDisconnected: false. Rediscovery will be attempted.
2026-05-14T14:35:25.767+09:00  INFO 26537 --- [stock-consumer] [        kafka-1] o.a.k.c.c.internals.ConsumerCoordinator  : [Consumer clientId=consumer-stock-group-1, groupId=stock-group] Requesting disconnect from last known coordinator localhost:9092 (id: 2147483646 rack: null isFenced: false)
2026-05-14T14:35:25.788+09:00  INFO 26537 --- [stock-consumer] [umer-producer-1] o.a.k.c.p.internals.TransactionManager   : [Producer clientId=stock-consumer-producer-1] ProducerId set to 0 with epoch 0
]]></system-out>
  <system-err><![CDATA[Mockito is currently self-attaching to enable the inline-mock-maker. This will no longer work in future releases of the JDK. Please add Mockito as an agent to your build as described in Mockito's documentation: https://javadoc.io/doc/org.mockito/mockito-core/latest/org.mockito/org/mockito/Mockito.html#0.3
WARNING: A Java agent has been loaded dynamically (/Users/inwoo/.gradle/caches/modules-2/files-2.1/net.bytebuddy/byte-buddy-agent/1.17.8/f09415827a71be7ed621c7bd02550678f28bc81c/byte-buddy-agent-1.17.8.jar)
WARNING: If a serviceability tool is in use, please run with -XX:+EnableDynamicAgentLoading to hide this warning
WARNING: If a serviceability tool is not in use, please run with -Djdk.instrument.traceUsage for more information
WARNING: Dynamic loading of agents will be disallowed by default in a future release
]]></system-err>
</testsuite>
